<?xml version="1.0" encoding="UTF-8"?>
<robot generator="Robot 3.1.2 (Python 3.7.4 on win32)" generated="20191008 17:17:20.736" rpa="false">
<suite id="s1" name="Suites">
<suite id="s1-s1" name="Login" source="C:\Users\revat\seleniumtest\seleniumtest\TestBase\login.robot">
<test id="s1-s1-t1" name="Login Scenarios">
<kw name="Open My Browser" library="login_resource">
<arguments>
<arg>${QAURL}</arg>
<arg>${Browser}</arg>
</arguments>
<kw name="Open Browser" library="SeleniumLibrary">
<doc>Opens a new browser instance to the given ``url``.</doc>
<arguments>
<arg>${Siteurl}</arg>
<arg>${Browser}</arg>
</arguments>
<msg timestamp="20191008 17:17:21.004" level="INFO">Opening browser 'chrome' to base url 'http://newtours.demoaut.com'.</msg>
<status status="PASS" starttime="20191008 17:17:21.003" endtime="20191008 17:17:28.830"></status>
</kw>
<kw name="Maximize Browser Window" library="SeleniumLibrary">
<doc>Maximizes current browser window.</doc>
<status status="PASS" starttime="20191008 17:17:28.831" endtime="20191008 17:17:32.956"></status>
</kw>
<status status="PASS" starttime="20191008 17:17:21.003" endtime="20191008 17:17:32.956"></status>
</kw>
<kw name="Enter Username" library="login_resource">
<arguments>
<arg>${user}</arg>
</arguments>
<kw name="Input Text" library="SeleniumLibrary">
<doc>Types the given ``text`` into the text field identified by ``locator``.</doc>
<arguments>
<arg>${Txt_Mercuryusername}</arg>
<arg>${username}</arg>
</arguments>
<msg timestamp="20191008 17:17:32.958" level="INFO">Typing text 'mercury' into text field 'name:userName'.</msg>
<status status="PASS" starttime="20191008 17:17:32.958" endtime="20191008 17:17:33.126"></status>
</kw>
<status status="PASS" starttime="20191008 17:17:32.957" endtime="20191008 17:17:33.127"></status>
</kw>
<kw name="Enter Password" library="login_resource">
<arguments>
<arg>${pwd}</arg>
</arguments>
<kw name="Input Text" library="SeleniumLibrary">
<doc>Types the given ``text`` into the text field identified by ``locator``.</doc>
<arguments>
<arg>${Txt_Mercurypasswrod}</arg>
<arg>${password}</arg>
</arguments>
<msg timestamp="20191008 17:17:33.128" level="INFO">Typing text 'mercury' into text field 'name:password'.</msg>
<status status="PASS" starttime="20191008 17:17:33.128" endtime="20191008 17:17:33.241"></status>
</kw>
<status status="PASS" starttime="20191008 17:17:33.127" endtime="20191008 17:17:33.242"></status>
</kw>
<kw name="Click Login Button" library="login_resource">
<kw name="Click Button" library="SeleniumLibrary">
<doc>Clicks the button identified by ``locator``.</doc>
<arguments>
<arg>${Btn_Mercurysignin}</arg>
</arguments>
<msg timestamp="20191008 17:17:33.243" level="INFO">Clicking button 'xpath://input[@name='login']'.</msg>
<status status="PASS" starttime="20191008 17:17:33.243" endtime="20191008 17:17:54.627"></status>
</kw>
<status status="PASS" starttime="20191008 17:17:33.242" endtime="20191008 17:17:54.627"></status>
</kw>
<kw name="Sleep" library="BuiltIn">
<doc>Pauses the test executed for the given time.</doc>
<arguments>
<arg>5</arg>
<arg>seconds</arg>
</arguments>
<msg timestamp="20191008 17:17:59.628" level="INFO">Slept 5 seconds</msg>
<msg timestamp="20191008 17:17:59.628" level="INFO">seconds</msg>
<status status="PASS" starttime="20191008 17:17:54.628" endtime="20191008 17:17:59.628"></status>
</kw>
<kw name="Verify home page" library="login_resource">
<kw name="Title Should Be" library="SeleniumLibrary">
<doc>Verifies that the current page title equals ``title``.</doc>
<arguments>
<arg>Find a Flight: Mercury Tours:</arg>
</arguments>
<msg timestamp="20191008 17:17:59.638" level="INFO">Page title is 'Find a Flight: Mercury Tours:'.</msg>
<status status="PASS" starttime="20191008 17:17:59.629" endtime="20191008 17:17:59.638"></status>
</kw>
<status status="PASS" starttime="20191008 17:17:59.628" endtime="20191008 17:17:59.639"></status>
</kw>
<kw name="Close My Browser" library="login_resource">
<kw name="Close Browser" library="SeleniumLibrary">
<doc>Closes the current browser.</doc>
<status status="PASS" starttime="20191008 17:17:59.639" endtime="20191008 17:18:01.765"></status>
</kw>
<status status="PASS" starttime="20191008 17:17:59.639" endtime="20191008 17:18:01.765"></status>
</kw>
<status status="PASS" starttime="20191008 17:17:21.002" endtime="20191008 17:18:01.765" critical="yes"></status>
</test>
<doc>Suite description</doc>
<status status="PASS" starttime="20191008 17:17:20.772" endtime="20191008 17:18:01.768"></status>
</suite>
<status status="PASS" starttime="20191008 17:17:20.738" endtime="20191008 17:18:01.770"></status>
</suite>
<statistics>
<total>
<stat pass="1" fail="0">Critical Tests</stat>
<stat pass="1" fail="0">All Tests</stat>
</total>
<tag>
</tag>
<suite>
<stat pass="1" fail="0" id="s1" name="Suites">Suites</stat>
<stat pass="1" fail="0" id="s1-s1" name="Login">Suites.Login</stat>
</suite>
</statistics>
<errors>
<msg timestamp="20191008 17:17:20.727" level="ERROR">Error in file 'C:\Users\revat\seleniumtest\seleniumtest\TestBase\RegistrationTC.robot': Setting 'Documentation' used multiple times.</msg>
</errors>
</robot>
