<?xml version="1.0" encoding="UTF-8"?>
<robot generator="Robot 3.1.2 (Python 3.7.4 on win32)" generated="20191003 12:52:51.882" rpa="false">
<suite id="s1" name="Robot2" source="C:\Users\PowerBull\PycharmProjects\Seleniumtest\seleniumtest\Robot\robot2.robot">
<test id="s1-t1" name="This is some test case">
<kw name="Open Browser" library="SeleniumLibrary">
<doc>Opens a new browser instance to the given ``url``.</doc>
<arguments>
<arg>${url}</arg>
<arg>${browser}</arg>
</arguments>
<msg timestamp="20191003 12:52:52.162" level="INFO">Opening browser 'chrome' to base url 'https://demo.nopcommerce.com/'.</msg>
<status status="PASS" starttime="20191003 12:52:52.161" endtime="20191003 12:52:57.108"></status>
</kw>
<kw name="LoginToApplication">
<kw name="Click Link" library="SeleniumLibrary">
<doc>Clicks a link identified by ``locator``.</doc>
<arguments>
<arg>xpath://a[@class='ico-login']</arg>
</arguments>
<msg timestamp="20191003 12:52:57.110" level="INFO">Clicking link 'xpath://a[@class='ico-login']'.</msg>
<status status="PASS" starttime="20191003 12:52:57.110" endtime="20191003 12:52:59.100"></status>
</kw>
<kw name="Input Text" library="SeleniumLibrary">
<doc>Types the given ``text`` into the text field identified by ``locator``.</doc>
<arguments>
<arg>xpath://input[@id='Email']</arg>
<arg>pavanoltraining@gmail.com</arg>
</arguments>
<msg timestamp="20191003 12:52:59.100" level="INFO">Typing text 'pavanoltraining@gmail.com' into text field 'xpath://input[@id='Email']'.</msg>
<status status="PASS" starttime="20191003 12:52:59.100" endtime="20191003 12:52:59.260"></status>
</kw>
<kw name="Input Text" library="SeleniumLibrary">
<doc>Types the given ``text`` into the text field identified by ``locator``.</doc>
<arguments>
<arg>xpath://input[@name='Password']</arg>
<arg>Test@123</arg>
</arguments>
<msg timestamp="20191003 12:52:59.260" level="INFO">Typing text 'Test@123' into text field 'xpath://input[@name='Password']'.</msg>
<status status="PASS" starttime="20191003 12:52:59.260" endtime="20191003 12:52:59.395"></status>
</kw>
<kw name="Click Button" library="SeleniumLibrary">
<doc>Clicks the button identified by ``locator``.</doc>
<arguments>
<arg>xpath://input[@class='button-1 login-button']</arg>
</arguments>
<msg timestamp="20191003 12:52:59.395" level="INFO">Clicking button 'xpath://input[@class='button-1 login-button']'.</msg>
<status status="PASS" starttime="20191003 12:52:59.395" endtime="20191003 12:53:01.463"></status>
</kw>
<status status="PASS" starttime="20191003 12:52:57.109" endtime="20191003 12:53:01.463"></status>
</kw>
<status status="PASS" starttime="20191003 12:52:52.160" endtime="20191003 12:53:01.466" critical="yes"></status>
</test>
<doc>simple test</doc>
<status status="PASS" starttime="20191003 12:52:51.884" endtime="20191003 12:53:01.474"></status>
</suite>
<statistics>
<total>
<stat pass="1" fail="0">Critical Tests</stat>
<stat pass="1" fail="0">All Tests</stat>
</total>
<tag>
</tag>
<suite>
<stat pass="1" fail="0" id="s1" name="Robot2">Robot2</stat>
</suite>
</statistics>
<errors>
</errors>
</robot>
