<?xml version="1.0" encoding="UTF-8"?>
<robot generator="Rebot 3.1.2 (Python 3.7.4 on win32)" generated="20191008 17:18:02.074" rpa="false">
<suite id="s1" name="Suites">
<suite id="s1-s1" name="Login" source="C:\Users\revat\seleniumtest\seleniumtest\TestBase\login.robot">
<test id="s1-s1-t1" name="Login Scenarios">
<kw name="Open My Browser" library="login_resource">
<arguments>
<arg>${QAURL}</arg>
<arg>${Browser}</arg>
</arguments>
<kw name="Open Browser" library="SeleniumLibrary">
<doc>Opens a new browser instance to the given ``url``.</doc>
<arguments>
<arg>${Siteurl}</arg>
<arg>${Browser}</arg>
</arguments>
<msg timestamp="20191008 17:17:21.004" level="INFO">Opening browser 'chrome' to base url 'http://newtours.demoaut.com'.</msg>
<status status="PASS" starttime="20191008 17:17:21.003" endtime="20191008 17:17:28.830"></status>
</kw>
<kw name="Maximize Browser Window" library="SeleniumLibrary">
<doc>Maximizes current browser window.</doc>
<status status="PASS" starttime="20191008 17:17:28.831" endtime="20191008 17:17:32.956"></status>
</kw>
<status status="PASS" starttime="20191008 17:17:21.003" endtime="20191008 17:17:32.956"></status>
</kw>
<kw name="Enter Username" library="login_resource">
<arguments>
<arg>${user}</arg>
</arguments>
<kw name="Input Text" library="SeleniumLibrary">
<doc>Types the given ``text`` into the text field identified by ``locator``.</doc>
<arguments>
<arg>${Txt_Mercuryusername}</arg>
<arg>${username}</arg>
</arguments>
<msg timestamp="20191008 17:17:32.958" level="INFO">Typing text 'mercury' into text field 'name:userName'.</msg>
<status status="PASS" starttime="20191008 17:17:32.958" endtime="20191008 17:17:33.126"></status>
</kw>
<status status="PASS" starttime="20191008 17:17:32.957" endtime="20191008 17:17:33.127"></status>
</kw>
<kw name="Enter Password" library="login_resource">
<arguments>
<arg>${pwd}</arg>
</arguments>
<kw name="Input Text" library="SeleniumLibrary">
<doc>Types the given ``text`` into the text field identified by ``locator``.</doc>
<arguments>
<arg>${Txt_Mercurypasswrod}</arg>
<arg>${password}</arg>
</arguments>
<msg timestamp="20191008 17:17:33.128" level="INFO">Typing text 'mercury' into text field 'name:password'.</msg>
<status status="PASS" starttime="20191008 17:17:33.128" endtime="20191008 17:17:33.241"></status>
</kw>
<status status="PASS" starttime="20191008 17:17:33.127" endtime="20191008 17:17:33.242"></status>
</kw>
<kw name="Click Login Button" library="login_resource">
<kw name="Click Button" library="SeleniumLibrary">
<doc>Clicks the button identified by ``locator``.</doc>
<arguments>
<arg>${Btn_Mercurysignin}</arg>
</arguments>
<msg timestamp="20191008 17:17:33.243" level="INFO">Clicking button 'xpath://input[@name='login']'.</msg>
<status status="PASS" starttime="20191008 17:17:33.243" endtime="20191008 17:17:54.627"></status>
</kw>
<status status="PASS" starttime="20191008 17:17:33.242" endtime="20191008 17:17:54.627"></status>
</kw>
<kw name="Sleep" library="BuiltIn">
<doc>Pauses the test executed for the given time.</doc>
<arguments>
<arg>5</arg>
<arg>seconds</arg>
</arguments>
<msg timestamp="20191008 17:17:59.628" level="INFO">Slept 5 seconds</msg>
<msg timestamp="20191008 17:17:59.628" level="INFO">seconds</msg>
<status status="PASS" starttime="20191008 17:17:54.628" endtime="20191008 17:17:59.628"></status>
</kw>
<kw name="Verify home page" library="login_resource">
<kw name="Title Should Be" library="SeleniumLibrary">
<doc>Verifies that the current page title equals ``title``.</doc>
<arguments>
<arg>Find a Flight: Mercury Tours:</arg>
</arguments>
<msg timestamp="20191008 17:17:59.638" level="INFO">Page title is 'Find a Flight: Mercury Tours:'.</msg>
<status status="PASS" starttime="20191008 17:17:59.629" endtime="20191008 17:17:59.638"></status>
</kw>
<status status="PASS" starttime="20191008 17:17:59.628" endtime="20191008 17:17:59.639"></status>
</kw>
<kw name="Close My Browser" library="login_resource">
<kw name="Close Browser" library="SeleniumLibrary">
<doc>Closes the current browser.</doc>
<status status="PASS" starttime="20191008 17:17:59.639" endtime="20191008 17:18:01.765"></status>
</kw>
<status status="PASS" starttime="20191008 17:17:59.639" endtime="20191008 17:18:01.765"></status>
</kw>
<status status="PASS" starttime="20191008 17:17:21.002" endtime="20191008 17:18:01.765" critical="yes"></status>
</test>
<doc>Suite description</doc>
<status status="PASS" starttime="20191008 17:17:20.772" endtime="20191008 17:18:01.768"></status>
</suite>
<suite id="s1-s2" name="RegistrationTC" source="C:\Users\revat\seleniumtest\seleniumtest\TestBase\RegistrationTC.robot">
<test id="s1-s2-t1" name="TC1 User Registration">
<kw name="Open Registration page" library="Registration">
<arguments>
<arg>${QAURL}</arg>
<arg>${Browser}</arg>
</arguments>
<kw name="Open Browser" library="SeleniumLibrary">
<doc>Opens a new browser instance to the given ``url``.</doc>
<arguments>
<arg>${QAURL}</arg>
<arg>${Browser}</arg>
</arguments>
<msg timestamp="20191008 17:17:21.005" level="INFO">Opening browser 'chrome' to base url 'http://newtours.demoaut.com'.</msg>
<status status="PASS" starttime="20191008 17:17:21.005" endtime="20191008 17:17:28.836"></status>
</kw>
<kw name="Sleep" library="BuiltIn">
<doc>Pauses the test executed for the given time.</doc>
<arguments>
<arg>5 seconds</arg>
</arguments>
<msg timestamp="20191008 17:17:33.837" level="INFO">Slept 5 seconds</msg>
<status status="PASS" starttime="20191008 17:17:28.836" endtime="20191008 17:17:33.837"></status>
</kw>
<kw name="Click Link" library="SeleniumLibrary">
<doc>Clicks a link identified by ``locator``.</doc>
<arguments>
<arg>${Registerlink}</arg>
</arguments>
<msg timestamp="20191008 17:17:33.837" level="INFO">Clicking link 'xpath://a[contains(text(),'REGISTER')]'.</msg>
<status status="PASS" starttime="20191008 17:17:33.837" endtime="20191008 17:17:34.860"></status>
</kw>
<status status="PASS" starttime="20191008 17:17:21.004" endtime="20191008 17:17:34.860"></status>
</kw>
<kw name="Enter Firstname" library="Registration">
<arguments>
<arg>${Firstname}</arg>
</arguments>
<kw name="Input Text" library="SeleniumLibrary">
<doc>Types the given ``text`` into the text field identified by ``locator``.</doc>
<arguments>
<arg>${Txt_Regfirstname}</arg>
<arg>${Firstname}</arg>
</arguments>
<msg timestamp="20191008 17:17:34.861" level="INFO">Typing text 'Ram' into text field 'name:firstName'.</msg>
<status status="PASS" starttime="20191008 17:17:34.861" endtime="20191008 17:17:34.978"></status>
</kw>
<status status="PASS" starttime="20191008 17:17:34.860" endtime="20191008 17:17:34.979"></status>
</kw>
<kw name="Enter Lastname" library="Registration">
<arguments>
<arg>${Lastname}</arg>
</arguments>
<kw name="Input Text" library="SeleniumLibrary">
<doc>Types the given ``text`` into the text field identified by ``locator``.</doc>
<arguments>
<arg>${Txt_Reglastname}</arg>
<arg>${Lastname}</arg>
</arguments>
<msg timestamp="20191008 17:17:34.979" level="INFO">Typing text 'Roy' into text field 'name:lastName'.</msg>
<status status="PASS" starttime="20191008 17:17:34.979" endtime="20191008 17:17:35.082"></status>
</kw>
<status status="PASS" starttime="20191008 17:17:34.979" endtime="20191008 17:17:35.082"></status>
</kw>
<kw name="Enter Phonenumber" library="Registration">
<arguments>
<arg>${Phone}</arg>
</arguments>
<kw name="Input Text" library="SeleniumLibrary">
<doc>Types the given ``text`` into the text field identified by ``locator``.</doc>
<arguments>
<arg>${Regphone}</arg>
<arg>${Phone}</arg>
</arguments>
<msg timestamp="20191008 17:17:35.083" level="INFO">Typing text '789654123' into text field 'name:phone'.</msg>
<status status="PASS" starttime="20191008 17:17:35.083" endtime="20191008 17:17:35.208"></status>
</kw>
<status status="PASS" starttime="20191008 17:17:35.083" endtime="20191008 17:17:35.208"></status>
</kw>
<kw name="Enter Emailid" library="Registration">
<arguments>
<arg>${Email}</arg>
</arguments>
<kw name="Input Text" library="SeleniumLibrary">
<doc>Types the given ``text`` into the text field identified by ``locator``.</doc>
<arguments>
<arg>${Regemail}</arg>
<arg>${Email}</arg>
</arguments>
<msg timestamp="20191008 17:17:35.209" level="INFO">Typing text 'test@gmail.com' into text field 'name:userName'.</msg>
<status status="PASS" starttime="20191008 17:17:35.208" endtime="20191008 17:17:35.350"></status>
</kw>
<status status="PASS" starttime="20191008 17:17:35.208" endtime="20191008 17:17:35.350"></status>
</kw>
<kw name="Enter Registeraddress 1st line" library="Registration">
<arguments>
<arg>${Address1}</arg>
</arguments>
<kw name="Input Text" library="SeleniumLibrary">
<doc>Types the given ``text`` into the text field identified by ``locator``.</doc>
<arguments>
<arg>${Regaddress}</arg>
<arg>${Address1}</arg>
</arguments>
<msg timestamp="20191008 17:17:35.351" level="INFO">Typing text '124,matt stret' into text field 'name:address1'.</msg>
<status status="PASS" starttime="20191008 17:17:35.350" endtime="20191008 17:17:35.511"></status>
</kw>
<status status="PASS" starttime="20191008 17:17:35.350" endtime="20191008 17:17:35.511"></status>
</kw>
<kw name="Enter Registeraddress 2nd line" library="Registration">
<arguments>
<arg>${Address2}</arg>
</arguments>
<kw name="Input Text" library="SeleniumLibrary">
<doc>Types the given ``text`` into the text field identified by ``locator``.</doc>
<arguments>
<arg>${Regaddress2}</arg>
<arg>${Address2}</arg>
</arguments>
<msg timestamp="20191008 17:17:35.512" level="INFO">Typing text 'lansdale' into text field 'name:address2'.</msg>
<status status="PASS" starttime="20191008 17:17:35.512" endtime="20191008 17:17:35.633"></status>
</kw>
<status status="PASS" starttime="20191008 17:17:35.512" endtime="20191008 17:17:35.633"></status>
</kw>
<kw name="Enter City name" library="Registration">
<arguments>
<arg>${city}</arg>
</arguments>
<kw name="Input Text" library="SeleniumLibrary">
<doc>Types the given ``text`` into the text field identified by ``locator``.</doc>
<arguments>
<arg>${Regcity}</arg>
<arg>${city}</arg>
</arguments>
<msg timestamp="20191008 17:17:35.634" level="INFO">Typing text 'lansdale' into text field 'name:city'.</msg>
<status status="PASS" starttime="20191008 17:17:35.633" endtime="20191008 17:17:35.744"></status>
</kw>
<status status="PASS" starttime="20191008 17:17:35.633" endtime="20191008 17:17:35.744"></status>
</kw>
<kw name="Enter State name" library="Registration">
<arguments>
<arg>${state}</arg>
</arguments>
<kw name="Input Text" library="SeleniumLibrary">
<doc>Types the given ``text`` into the text field identified by ``locator``.</doc>
<arguments>
<arg>${Regstate}</arg>
<arg>${state}</arg>
</arguments>
<msg timestamp="20191008 17:17:35.744" level="INFO">Typing text 'pennsylvania' into text field 'name:state'.</msg>
<status status="PASS" starttime="20191008 17:17:35.744" endtime="20191008 17:17:35.886"></status>
</kw>
<status status="PASS" starttime="20191008 17:17:35.744" endtime="20191008 17:17:35.886"></status>
</kw>
<kw name="Enter post number" library="Registration">
<arguments>
<arg>${postal}</arg>
</arguments>
<kw name="Input Text" library="SeleniumLibrary">
<doc>Types the given ``text`` into the text field identified by ``locator``.</doc>
<arguments>
<arg>${Regpostal}</arg>
<arg>${postal}</arg>
</arguments>
<msg timestamp="20191008 17:17:35.887" level="INFO">Typing text '600061' into text field 'name:postalCode'.</msg>
<status status="PASS" starttime="20191008 17:17:35.887" endtime="20191008 17:17:36.006"></status>
</kw>
<status status="PASS" starttime="20191008 17:17:35.887" endtime="20191008 17:17:36.006"></status>
</kw>
<kw name="Select Country" library="Registration">
<arguments>
<arg>${country}</arg>
</arguments>
<kw name="Select From List By Label" library="SeleniumLibrary">
<doc>Selects options from selection list ``locator`` by ``labels``.</doc>
<arguments>
<arg>${drp_Regcountry}</arg>
<arg>${country}</arg>
</arguments>
<msg timestamp="20191008 17:17:36.008" level="INFO">Selecting options from selection list 'name:country' by label INDIA.</msg>
<status status="PASS" starttime="20191008 17:17:36.007" endtime="20191008 17:17:36.142"></status>
</kw>
<status status="PASS" starttime="20191008 17:17:36.006" endtime="20191008 17:17:36.142"></status>
</kw>
<kw name="Enter Userid" library="Registration">
<arguments>
<arg>${userid}</arg>
</arguments>
<kw name="Input Text" library="SeleniumLibrary">
<doc>Types the given ``text`` into the text field identified by ``locator``.</doc>
<arguments>
<arg>${Regusername}</arg>
<arg>${userid}</arg>
</arguments>
<msg timestamp="20191008 17:17:36.144" level="INFO">Typing text 'testrun2' into text field 'name:email'.</msg>
<status status="PASS" starttime="20191008 17:17:36.143" endtime="20191008 17:17:36.300"></status>
</kw>
<status status="PASS" starttime="20191008 17:17:36.142" endtime="20191008 17:17:36.301"></status>
</kw>
<kw name="Enter Password" library="Registration">
<arguments>
<arg>${password}</arg>
</arguments>
<kw name="Input Text" library="SeleniumLibrary">
<doc>Types the given ``text`` into the text field identified by ``locator``.</doc>
<arguments>
<arg>${Regpassword}</arg>
<arg>${password}</arg>
</arguments>
<msg timestamp="20191008 17:17:36.302" level="INFO">Typing text 'testrun' into text field 'name:password'.</msg>
<status status="PASS" starttime="20191008 17:17:36.301" endtime="20191008 17:17:36.423"></status>
</kw>
<status status="PASS" starttime="20191008 17:17:36.301" endtime="20191008 17:17:36.424"></status>
</kw>
<kw name="Enter confirm password" library="Registration">
<arguments>
<arg>${confirmpassword}</arg>
</arguments>
<kw name="Input Text" library="SeleniumLibrary">
<doc>Types the given ``text`` into the text field identified by ``locator``.</doc>
<arguments>
<arg>${Regconfpassword}</arg>
<arg>${confirmpassword}</arg>
</arguments>
<msg timestamp="20191008 17:17:36.425" level="INFO">Typing text 'testrun' into text field 'name:confirmPassword'.</msg>
<status status="PASS" starttime="20191008 17:17:36.425" endtime="20191008 17:17:36.547"></status>
</kw>
<status status="PASS" starttime="20191008 17:17:36.424" endtime="20191008 17:17:36.548"></status>
</kw>
<kw name="Click on submit" library="Registration">
<kw name="Click Button" library="SeleniumLibrary">
<doc>Clicks the button identified by ``locator``.</doc>
<arguments>
<arg>${Regsubmitbutton}</arg>
</arguments>
<msg timestamp="20191008 17:17:36.548" level="INFO">Clicking button 'xpath://input[@name='register']'.</msg>
<status status="PASS" starttime="20191008 17:17:36.548" endtime="20191008 17:17:50.778"></status>
</kw>
<status status="PASS" starttime="20191008 17:17:36.548" endtime="20191008 17:17:50.778"></status>
</kw>
<kw name="Successful Verification" library="Registration">
<kw name="Page Should Contain" library="SeleniumLibrary">
<doc>Verifies that current page contains ``text``.</doc>
<arguments>
<arg>Thank you for registering.</arg>
</arguments>
<msg timestamp="20191008 17:17:50.799" level="INFO">Current page contains text 'Thank you for registering.'.</msg>
<status status="PASS" starttime="20191008 17:17:50.779" endtime="20191008 17:17:50.799"></status>
</kw>
<status status="PASS" starttime="20191008 17:17:50.778" endtime="20191008 17:17:50.799"></status>
</kw>
<kw name="Close My Browser" library="Registration">
<kw name="Close Browser" library="SeleniumLibrary">
<doc>Closes the current browser.</doc>
<status status="PASS" starttime="20191008 17:17:50.800" endtime="20191008 17:17:52.921"></status>
</kw>
<status status="PASS" starttime="20191008 17:17:50.800" endtime="20191008 17:17:52.922"></status>
</kw>
<status status="PASS" starttime="20191008 17:17:21.004" endtime="20191008 17:17:52.922" critical="yes"></status>
</test>
<status status="PASS" starttime="20191008 17:17:20.772" endtime="20191008 17:17:52.924"></status>
</suite>
<doc>[https://pabot.org/?ref=log|Pabot] result from 2 executions.</doc>
<status status="PASS" starttime="20191008 17:17:20.738" endtime="20191008 17:18:01.770"></status>
</suite>
<statistics>
<total>
<stat pass="2" fail="0">Critical Tests</stat>
<stat pass="2" fail="0">All Tests</stat>
</total>
<tag>
</tag>
<suite>
<stat pass="2" fail="0" id="s1" name="Suites">Suites</stat>
<stat pass="1" fail="0" id="s1-s1" name="Login">Suites.Login</stat>
<stat pass="1" fail="0" id="s1-s2" name="RegistrationTC">Suites.RegistrationTC</stat>
</suite>
</statistics>
<errors>
<msg timestamp="20191008 17:17:20.727" level="ERROR">Error in file 'C:\Users\revat\seleniumtest\seleniumtest\TestBase\RegistrationTC.robot': Setting 'Documentation' used multiple times.</msg>
<msg timestamp="20191008 17:17:20.727" level="ERROR">Error in file 'C:\Users\revat\seleniumtest\seleniumtest\TestBase\RegistrationTC.robot': Setting 'Documentation' used multiple times.</msg>
<msg timestamp="20191008 17:17:20.995" level="ERROR">Error in file 'C:\Users\revat\seleniumtest\seleniumtest\Resource\Registration.robot': Setting 'Documentation' used multiple times.</msg>
</errors>
</robot>
