<?xml version="1.0" encoding="UTF-8"?>
<robot generator="Robot 3.1.2 (Python 3.7.4 on win32)" generated="20191010 13:24:52.252" rpa="false">
<suite id="s1" name="RegistrationTC" source="D:\SeleniumPython\TestBase\RegistrationTC.robot">
<test id="s1-t1" name="TC1 User Registration">
<kw name="Open Registration page" library="Registration">
<arguments>
<arg>${QAURL}</arg>
<arg>${Browser}</arg>
</arguments>
<kw name="Open Browser" library="SeleniumLibrary">
<doc>Opens a new browser instance to the given ``url``.</doc>
<arguments>
<arg>${QAURL}</arg>
<arg>${Browser}</arg>
</arguments>
<msg timestamp="20191010 13:24:52.480" level="INFO">Opening browser 'chrome' to base url 'http://newtours.demoaut.com'.</msg>
<status status="PASS" starttime="20191010 13:24:52.480" endtime="20191010 13:24:56.538"></status>
</kw>
<kw name="Sleep" library="BuiltIn">
<doc>Pauses the test executed for the given time.</doc>
<arguments>
<arg>5 seconds</arg>
</arguments>
<msg timestamp="20191010 13:25:01.539" level="INFO">Slept 5 seconds</msg>
<status status="PASS" starttime="20191010 13:24:56.538" endtime="20191010 13:25:01.539"></status>
</kw>
<kw name="Click Link" library="SeleniumLibrary">
<doc>Clicks a link identified by ``locator``.</doc>
<arguments>
<arg>${Registerlink}</arg>
</arguments>
<msg timestamp="20191010 13:25:01.539" level="INFO">Clicking link 'xpath://a[contains(text(),'REGISTER')]'.</msg>
<status status="PASS" starttime="20191010 13:25:01.539" endtime="20191010 13:25:04.708"></status>
</kw>
<status status="PASS" starttime="20191010 13:24:52.479" endtime="20191010 13:25:04.708"></status>
</kw>
<kw name="Enter Firstname" library="Registration">
<arguments>
<arg>${Firstname}</arg>
</arguments>
<kw name="Input Text" library="SeleniumLibrary">
<doc>Types the given ``text`` into the text field identified by ``locator``.</doc>
<arguments>
<arg>${Txt_Regfirstname}</arg>
<arg>${Firstname}</arg>
</arguments>
<msg timestamp="20191010 13:25:04.710" level="INFO">Typing text 'Ram' into text field 'name:firstName'.</msg>
<status status="PASS" starttime="20191010 13:25:04.709" endtime="20191010 13:25:04.828"></status>
</kw>
<status status="PASS" starttime="20191010 13:25:04.708" endtime="20191010 13:25:04.828"></status>
</kw>
<kw name="Enter Lastname" library="Registration">
<arguments>
<arg>${Lastname}</arg>
</arguments>
<kw name="Input Text" library="SeleniumLibrary">
<doc>Types the given ``text`` into the text field identified by ``locator``.</doc>
<arguments>
<arg>${Txt_Reglastname}</arg>
<arg>${Lastname}</arg>
</arguments>
<msg timestamp="20191010 13:25:04.829" level="INFO">Typing text 'Roy' into text field 'name:lastName'.</msg>
<status status="PASS" starttime="20191010 13:25:04.829" endtime="20191010 13:25:04.910"></status>
</kw>
<status status="PASS" starttime="20191010 13:25:04.828" endtime="20191010 13:25:04.910"></status>
</kw>
<kw name="Enter Phonenumber" library="Registration">
<arguments>
<arg>${Phone}</arg>
</arguments>
<kw name="Input Text" library="SeleniumLibrary">
<doc>Types the given ``text`` into the text field identified by ``locator``.</doc>
<arguments>
<arg>${Regphone}</arg>
<arg>${Phone}</arg>
</arguments>
<msg timestamp="20191010 13:25:04.910" level="INFO">Typing text '789654123' into text field 'name:phone'.</msg>
<status status="PASS" starttime="20191010 13:25:04.910" endtime="20191010 13:25:05.012"></status>
</kw>
<status status="PASS" starttime="20191010 13:25:04.910" endtime="20191010 13:25:05.012"></status>
</kw>
<kw name="Enter Emailid" library="Registration">
<arguments>
<arg>${Email}</arg>
</arguments>
<kw name="Input Text" library="SeleniumLibrary">
<doc>Types the given ``text`` into the text field identified by ``locator``.</doc>
<arguments>
<arg>${Regemail}</arg>
<arg>${Email}</arg>
</arguments>
<msg timestamp="20191010 13:25:05.013" level="INFO">Typing text 'test@gmail.com' into text field 'name:userName'.</msg>
<status status="PASS" starttime="20191010 13:25:05.012" endtime="20191010 13:25:05.126"></status>
</kw>
<status status="PASS" starttime="20191010 13:25:05.012" endtime="20191010 13:25:05.126"></status>
</kw>
<kw name="Enter Registeraddress 1st line" library="Registration">
<arguments>
<arg>${Address1}</arg>
</arguments>
<kw name="Input Text" library="SeleniumLibrary">
<doc>Types the given ``text`` into the text field identified by ``locator``.</doc>
<arguments>
<arg>${Regaddress}</arg>
<arg>${Address1}</arg>
</arguments>
<msg timestamp="20191010 13:25:05.127" level="INFO">Typing text '124,matt stret' into text field 'name:address1'.</msg>
<status status="PASS" starttime="20191010 13:25:05.127" endtime="20191010 13:25:05.241"></status>
</kw>
<status status="PASS" starttime="20191010 13:25:05.127" endtime="20191010 13:25:05.241"></status>
</kw>
<kw name="Enter Registeraddress 2nd line" library="Registration">
<arguments>
<arg>${Address2}</arg>
</arguments>
<kw name="Input Text" library="SeleniumLibrary">
<doc>Types the given ``text`` into the text field identified by ``locator``.</doc>
<arguments>
<arg>${Regaddress2}</arg>
<arg>${Address2}</arg>
</arguments>
<msg timestamp="20191010 13:25:05.241" level="INFO">Typing text 'lansdale' into text field 'name:address2'.</msg>
<status status="PASS" starttime="20191010 13:25:05.241" endtime="20191010 13:25:05.330"></status>
</kw>
<status status="PASS" starttime="20191010 13:25:05.241" endtime="20191010 13:25:05.330"></status>
</kw>
<kw name="Enter City name" library="Registration">
<arguments>
<arg>${city}</arg>
</arguments>
<kw name="Input Text" library="SeleniumLibrary">
<doc>Types the given ``text`` into the text field identified by ``locator``.</doc>
<arguments>
<arg>${Regcity}</arg>
<arg>${city}</arg>
</arguments>
<msg timestamp="20191010 13:25:05.331" level="INFO">Typing text 'lansdale' into text field 'name:city'.</msg>
<status status="PASS" starttime="20191010 13:25:05.330" endtime="20191010 13:25:05.425"></status>
</kw>
<status status="PASS" starttime="20191010 13:25:05.330" endtime="20191010 13:25:05.425"></status>
</kw>
<kw name="Enter State name" library="Registration">
<arguments>
<arg>${state}</arg>
</arguments>
<kw name="Input Text" library="SeleniumLibrary">
<doc>Types the given ``text`` into the text field identified by ``locator``.</doc>
<arguments>
<arg>${Regstate}</arg>
<arg>${state}</arg>
</arguments>
<msg timestamp="20191010 13:25:05.426" level="INFO">Typing text 'pennsylvania' into text field 'name:state'.</msg>
<status status="PASS" starttime="20191010 13:25:05.426" endtime="20191010 13:25:05.540"></status>
</kw>
<status status="PASS" starttime="20191010 13:25:05.426" endtime="20191010 13:25:05.540"></status>
</kw>
<kw name="Enter post number" library="Registration">
<arguments>
<arg>${postal}</arg>
</arguments>
<kw name="Input Text" library="SeleniumLibrary">
<doc>Types the given ``text`` into the text field identified by ``locator``.</doc>
<arguments>
<arg>${Regpostal}</arg>
<arg>${postal}</arg>
</arguments>
<msg timestamp="20191010 13:25:05.540" level="INFO">Typing text '600061' into text field 'name:postalCode'.</msg>
<status status="PASS" starttime="20191010 13:25:05.540" endtime="20191010 13:25:05.630"></status>
</kw>
<status status="PASS" starttime="20191010 13:25:05.540" endtime="20191010 13:25:05.630"></status>
</kw>
<kw name="Select Country" library="Registration">
<arguments>
<arg>${country}</arg>
</arguments>
<kw name="Select From List By Label" library="SeleniumLibrary">
<doc>Selects options from selection list ``locator`` by ``labels``.</doc>
<arguments>
<arg>${drp_Regcountry}</arg>
<arg>${country}</arg>
</arguments>
<msg timestamp="20191010 13:25:05.631" level="INFO">Selecting options from selection list 'name:country' by label INDIA.</msg>
<status status="PASS" starttime="20191010 13:25:05.631" endtime="20191010 13:25:05.708"></status>
</kw>
<status status="PASS" starttime="20191010 13:25:05.630" endtime="20191010 13:25:05.708"></status>
</kw>
<kw name="Enter Userid" library="Registration">
<arguments>
<arg>${userid}</arg>
</arguments>
<kw name="Input Text" library="SeleniumLibrary">
<doc>Types the given ``text`` into the text field identified by ``locator``.</doc>
<arguments>
<arg>${Regusername}</arg>
<arg>${userid}</arg>
</arguments>
<msg timestamp="20191010 13:25:05.709" level="INFO">Typing text 'testrun2' into text field 'name:email'.</msg>
<status status="PASS" starttime="20191010 13:25:05.708" endtime="20191010 13:25:05.816"></status>
</kw>
<status status="PASS" starttime="20191010 13:25:05.708" endtime="20191010 13:25:05.817"></status>
</kw>
<kw name="Enter Password" library="Registration">
<arguments>
<arg>${password}</arg>
</arguments>
<kw name="Input Text" library="SeleniumLibrary">
<doc>Types the given ``text`` into the text field identified by ``locator``.</doc>
<arguments>
<arg>${Regpassword}</arg>
<arg>${password}</arg>
</arguments>
<msg timestamp="20191010 13:25:05.817" level="INFO">Typing text 'testrun' into text field 'name:password'.</msg>
<status status="PASS" starttime="20191010 13:25:05.817" endtime="20191010 13:25:05.906"></status>
</kw>
<status status="PASS" starttime="20191010 13:25:05.817" endtime="20191010 13:25:05.906"></status>
</kw>
<kw name="Enter confirm password" library="Registration">
<arguments>
<arg>${confirmpassword}</arg>
</arguments>
<kw name="Input Text" library="SeleniumLibrary">
<doc>Types the given ``text`` into the text field identified by ``locator``.</doc>
<arguments>
<arg>${Regconfpassword}</arg>
<arg>${confirmpassword}</arg>
</arguments>
<msg timestamp="20191010 13:25:05.907" level="INFO">Typing text 'testrun' into text field 'name:confirmPassword'.</msg>
<status status="PASS" starttime="20191010 13:25:05.906" endtime="20191010 13:25:05.989"></status>
</kw>
<status status="PASS" starttime="20191010 13:25:05.906" endtime="20191010 13:25:05.990"></status>
</kw>
<kw name="Click on submit" library="Registration">
<kw name="Click Button" library="SeleniumLibrary">
<doc>Clicks the button identified by ``locator``.</doc>
<arguments>
<arg>${Regsubmitbutton}</arg>
</arguments>
<msg timestamp="20191010 13:25:05.990" level="INFO">Clicking button 'xpath://input[@name='register']'.</msg>
<status status="PASS" starttime="20191010 13:25:05.990" endtime="20191010 13:25:11.920"></status>
</kw>
<status status="PASS" starttime="20191010 13:25:05.990" endtime="20191010 13:25:11.921"></status>
</kw>
<kw name="Successful Verification" library="Registration">
<kw name="Page Should Contain" library="SeleniumLibrary">
<doc>Verifies that current page contains ``text``.</doc>
<arguments>
<arg>Thank you for registering.</arg>
</arguments>
<msg timestamp="20191010 13:25:11.957" level="INFO">Current page contains text 'Thank you for registering.'.</msg>
<status status="PASS" starttime="20191010 13:25:11.922" endtime="20191010 13:25:11.957"></status>
</kw>
<status status="PASS" starttime="20191010 13:25:11.921" endtime="20191010 13:25:11.957"></status>
</kw>
<kw name="Close My Browser" library="Registration">
<kw name="Close Browser" library="SeleniumLibrary">
<doc>Closes the current browser.</doc>
<status status="PASS" starttime="20191010 13:25:11.957" endtime="20191010 13:25:14.119"></status>
</kw>
<status status="PASS" starttime="20191010 13:25:11.957" endtime="20191010 13:25:14.119"></status>
</kw>
<status status="PASS" starttime="20191010 13:24:52.479" endtime="20191010 13:25:14.119" critical="yes"></status>
</test>
<status status="PASS" starttime="20191010 13:24:52.254" endtime="20191010 13:25:14.122"></status>
</suite>
<statistics>
<total>
<stat pass="1" fail="0">Critical Tests</stat>
<stat pass="1" fail="0">All Tests</stat>
</total>
<tag>
</tag>
<suite>
<stat pass="1" fail="0" id="s1" name="RegistrationTC">RegistrationTC</stat>
</suite>
</statistics>
<errors>
<msg timestamp="20191010 13:24:52.247" level="ERROR">Error in file 'D:\SeleniumPython\TestBase\RegistrationTC.robot': Setting 'Documentation' used multiple times.</msg>
<msg timestamp="20191010 13:24:52.473" level="ERROR">Error in file 'D:\SeleniumPython\Resource\Registration.robot': Setting 'Documentation' used multiple times.</msg>
</errors>
</robot>
